<?xml version="1.0" encoding="UTF-8"?>
<!-- Generated by org.testng.reporters.JUnitReportReporter -->
<testsuite hostname="Shibi" failures="0" tests="1" name="testpackage.Testclass" time="7.503" errors="0" timestamp="2024-10-31T16:02:35 IST" skipped="0">
  <testcase classname="testpackage.Testclass" name="test1" time="7.503"/>
  <system-out/>
</testsuite> <!-- testpackage.Testclass -->
