<?xml version="1.0" encoding="UTF-8"?>
<!-- Generated by org.testng.reporters.JUnitReportReporter -->
<testsuite hostname="Shibi" failures="0" tests="1" name="testpackage.Testclass" time="8.382" errors="0" timestamp="2024-11-07T13:27:57 IST" skipped="0">
  <testcase classname="testpackage.Testclass" name="test1" time="8.382"/>
  <system-out/>
</testsuite> <!-- testpackage.Testclass -->
